<?xml version="1.0" encoding="UTF-8"?>
<testng-results skipped="0" failed="1" ignored="0" total="3" passed="2">
  <reporter-output>
  </reporter-output>
  <suite name="Command line suite" duration-ms="39236" started-at="2021-08-26T15:57:59 CDT" finished-at="2021-08-26T15:58:38 CDT">
    <groups>
    </groups>
    <test name="Command line test" duration-ms="39236" started-at="2021-08-26T15:57:59 CDT" finished-at="2021-08-26T15:58:38 CDT">
      <class name="com.talbot.qa.testcases.GiftCartPageTest">
        <test-method status="PASS" signature="setUp()[pri:0, instance:com.talbot.qa.testcases.GiftCartPageTest@3f49dace]" name="setUp" is-config="true" duration-ms="5564" started-at="2021-08-26T15:57:59 CDT" finished-at="2021-08-26T15:58:05 CDT">
          <reporter-output>
          </reporter-output>
        </test-method> <!-- setUp -->
        <test-method status="PASS" signature="LocationPageTest()[pri:0, instance:com.talbot.qa.testcases.GiftCartPageTest@3f49dace]" name="LocationPageTest" duration-ms="4463" started-at="2021-08-26T15:58:05 CDT" finished-at="2021-08-26T15:58:09 CDT">
          <reporter-output>
          </reporter-output>
        </test-method> <!-- LocationPageTest -->
        <test-method status="PASS" signature="tearDown()[pri:0, instance:com.talbot.qa.testcases.GiftCartPageTest@3f49dace]" name="tearDown" is-config="true" duration-ms="757" started-at="2021-08-26T15:58:09 CDT" finished-at="2021-08-26T15:58:10 CDT">
          <reporter-output>
          </reporter-output>
        </test-method> <!-- tearDown -->
      </class> <!-- com.talbot.qa.testcases.GiftCartPageTest -->
      <class name="com.talbot.qa.testcases.SearchPageTest">
        <test-method status="PASS" signature="setUp()[pri:0, instance:com.talbot.qa.testcases.SearchPageTest@490ab905]" name="setUp" is-config="true" duration-ms="5287" started-at="2021-08-26T15:58:23 CDT" finished-at="2021-08-26T15:58:28 CDT">
          <reporter-output>
          </reporter-output>
        </test-method> <!-- setUp -->
        <test-method status="FAIL" signature="homePageTest()[pri:0, instance:com.talbot.qa.testcases.SearchPageTest@490ab905]" name="homePageTest" duration-ms="9249" started-at="2021-08-26T15:58:28 CDT" finished-at="2021-08-26T15:58:38 CDT">
          <exception class="java.lang.AssertionError">
            <message>
              <![CDATA[expected [Organic True Cotton Tonal Striped Sleep Shirt | Haven Well Within] but found [Access to this page has been denied.]]]>
            </message>
            <full-stacktrace>
              <![CDATA[java.lang.AssertionError: expected [Organic True Cotton Tonal Striped Sleep Shirt | Haven Well Within] but found [Access to this page has been denied.]
at org.testng.Assert.fail(Assert.java:97)
at org.testng.Assert.assertEqualsImpl(Assert.java:136)
at org.testng.Assert.assertEquals(Assert.java:118)
at org.testng.Assert.assertEquals(Assert.java:575)
at org.testng.Assert.assertEquals(Assert.java:585)
at com.talbot.qa.testcases.SearchPageTest.homePageTest(SearchPageTest.java:45)
at sun.reflect.NativeMethodAccessorImpl.invoke0(Native Method)
at sun.reflect.NativeMethodAccessorImpl.invoke(NativeMethodAccessorImpl.java:62)
at sun.reflect.DelegatingMethodAccessorImpl.invoke(DelegatingMethodAccessorImpl.java:43)
at java.lang.reflect.Method.invoke(Method.java:498)
at org.testng.internal.MethodInvocationHelper.invokeMethod(MethodInvocationHelper.java:134)
at org.testng.internal.TestInvoker.invokeMethod(TestInvoker.java:597)
at org.testng.internal.TestInvoker.invokeTestMethod(TestInvoker.java:173)
at org.testng.internal.MethodRunner.runInSequence(MethodRunner.java:46)
at org.testng.internal.TestInvoker$MethodInvocationAgent.invoke(TestInvoker.java:816)
at org.testng.internal.TestInvoker.invokeTestMethods(TestInvoker.java:146)
at org.testng.internal.TestMethodWorker.invokeTestMethods(TestMethodWorker.java:146)
at org.testng.internal.TestMethodWorker.run(TestMethodWorker.java:128)
at java.util.ArrayList.forEach(ArrayList.java:1257)
at org.testng.TestRunner.privateRun(TestRunner.java:766)
at org.testng.TestRunner.run(TestRunner.java:587)
at org.testng.SuiteRunner.runTest(SuiteRunner.java:384)
at org.testng.SuiteRunner.runSequentially(SuiteRunner.java:378)
at org.testng.SuiteRunner.privateRun(SuiteRunner.java:337)
at org.testng.SuiteRunner.run(SuiteRunner.java:286)
at org.testng.SuiteRunnerWorker.runSuite(SuiteRunnerWorker.java:53)
at org.testng.SuiteRunnerWorker.run(SuiteRunnerWorker.java:96)
at org.testng.TestNG.runSuitesSequentially(TestNG.java:1187)
at org.testng.TestNG.runSuitesLocally(TestNG.java:1109)
at org.testng.TestNG.runSuites(TestNG.java:1039)
at org.testng.TestNG.run(TestNG.java:1007)
at org.apache.maven.surefire.testng.TestNGExecutor.run(TestNGExecutor.java:77)
at org.apache.maven.surefire.testng.TestNGDirectoryTestSuite.executeMulti(TestNGDirectoryTestSuite.java:159)
at org.apache.maven.surefire.testng.TestNGDirectoryTestSuite.execute(TestNGDirectoryTestSuite.java:99)
at org.apache.maven.surefire.testng.TestNGProvider.invoke(TestNGProvider.java:106)
at sun.reflect.NativeMethodAccessorImpl.invoke0(Native Method)
at sun.reflect.NativeMethodAccessorImpl.invoke(NativeMethodAccessorImpl.java:62)
at sun.reflect.DelegatingMethodAccessorImpl.invoke(DelegatingMethodAccessorImpl.java:43)
at java.lang.reflect.Method.invoke(Method.java:498)
at org.apache.maven.surefire.util.ReflectionUtils.invokeMethodWithArray(ReflectionUtils.java:189)
at org.apache.maven.surefire.booter.ProviderFactory$ProviderProxy.invoke(ProviderFactory.java:165)
at org.apache.maven.surefire.booter.ProviderFactory.invokeProvider(ProviderFactory.java:85)
at org.apache.maven.surefire.booter.ForkedBooter.runSuitesInProcess(ForkedBooter.java:115)
at org.apache.maven.surefire.booter.ForkedBooter.main(ForkedBooter.java:75)
]]>
            </full-stacktrace>
          </exception> <!-- java.lang.AssertionError -->
          <reporter-output>
          </reporter-output>
        </test-method> <!-- homePageTest -->
        <test-method status="PASS" signature="tearDown()[pri:0, instance:com.talbot.qa.testcases.SearchPageTest@490ab905]" name="tearDown" is-config="true" duration-ms="753" started-at="2021-08-26T15:58:38 CDT" finished-at="2021-08-26T15:58:38 CDT">
          <reporter-output>
          </reporter-output>
        </test-method> <!-- tearDown -->
      </class> <!-- com.talbot.qa.testcases.SearchPageTest -->
      <class name="com.talbot.qa.testcases.LocationPageTest">
        <test-method status="PASS" signature="setUp()[pri:0, instance:com.talbot.qa.testcases.LocationPageTest@1e397ed7]" name="setUp" is-config="true" duration-ms="5039" started-at="2021-08-26T15:58:10 CDT" finished-at="2021-08-26T15:58:15 CDT">
          <reporter-output>
          </reporter-output>
        </test-method> <!-- setUp -->
        <test-method status="PASS" signature="LocationPageTest()[pri:0, instance:com.talbot.qa.testcases.LocationPageTest@1e397ed7]" name="LocationPageTest" duration-ms="7322" started-at="2021-08-26T15:58:15 CDT" finished-at="2021-08-26T15:58:22 CDT">
          <reporter-output>
          </reporter-output>
        </test-method> <!-- LocationPageTest -->
        <test-method status="PASS" signature="tearDown()[pri:0, instance:com.talbot.qa.testcases.LocationPageTest@1e397ed7]" name="tearDown" is-config="true" duration-ms="770" started-at="2021-08-26T15:58:22 CDT" finished-at="2021-08-26T15:58:23 CDT">
          <reporter-output>
          </reporter-output>
        </test-method> <!-- tearDown -->
      </class> <!-- com.talbot.qa.testcases.LocationPageTest -->
    </test> <!-- Command line test -->
  </suite> <!-- Command line suite -->
</testng-results>
